app/build/outputs/logs/manifest-merger-debug-report.txt
-- Merging decision tree log ---
manifest
ADDED from src/main/AndroidManifest.xml:2:1-46:12
	package
		ADDED from src/main/AndroidManifest.xml:3:5-36
	android:versionName
		ADDED from src/main/AndroidManifest.xml:5:5-30
		INJECTED from src/main/AndroidManifest.xml
		INJECTED from src/main/AndroidManifest.xml
	android:versionCode
		ADDED from src/main/AndroidManifest.xml:4:5-28
		INJECTED from src/main/AndroidManifest.xml
		INJECTED from src/main/AndroidManifest.xml
	xmlns:android
		ADDED from src/main/AndroidManifest.xml:2:11-69
uses-sdk
ADDED from src/main/AndroidManifest.xml:7:5-9:41
MERGED from [com.android.support:appcompat-v7:19.0.0] AndroidManifest.xml:18:5-42
	android:targetSdkVersion
		ADDED from src/main/AndroidManifest.xml:9:9-38
		INJECTED from src/main/AndroidManifest.xml
		INJECTED from src/main/AndroidManifest.xml
	android:minSdkVersion
		ADDED from src/main/AndroidManifest.xml:8:9-34
		INJECTED from src/main/AndroidManifest.xml
		INJECTED from src/main/AndroidManifest.xml
uses-permission#android.permission.CHANGE_NETWORK_STATE
ADDED from src/main/AndroidManifest.xml:11:5-12:23
	android:name
		ADDED from src/main/AndroidManifest.xml:11:22-76
uses-permission#android.permission.CHANGE_WIFI_STATE
ADDED from src/main/AndroidManifest.xml:13:5-14:23
	android:name
		ADDED from src/main/AndroidManifest.xml:13:22-73
uses-permission#android.permission.ACCESS_NETWORK_STATE
ADDED from src/main/AndroidManifest.xml:15:5-16:23
	android:name
		ADDED from src/main/AndroidManifest.xml:15:22-76
uses-permission#android.permission.ACCESS_WIFI_STATE
ADDED from src/main/AndroidManifest.xml:17:5-18:23
	android:name
		ADDED from src/main/AndroidManifest.xml:17:22-73
uses-permission#android.permission.INTERNET
ADDED from src/main/AndroidManifest.xml:19:5-20:23
	android:name
		ADDED from src/main/AndroidManifest.xml:19:22-64
uses-permission#android.permission.WAKE_LOCK
ADDED from src/main/AndroidManifest.xml:21:5-22:23
	android:name
		ADDED from src/main/AndroidManifest.xml:21:22-65
application
ADDED from src/main/AndroidManifest.xml:24:5-44:19
MERGED from [com.android.support:appcompat-v7:19.0.0] AndroidManifest.xml:19:5-20
	android:label
		ADDED from src/main/AndroidManifest.xml:27:9-41
	android:allowBackup
		ADDED from src/main/AndroidManifest.xml:25:9-35
	android:icon
		ADDED from src/main/AndroidManifest.xml:26:9-43
	android:theme
		ADDED from src/main/AndroidManifest.xml:28:9-40
activity#com.example.addndemo2.MainActivity
ADDED from src/main/AndroidManifest.xml:29:9-37:20
	android:label
		ADDED from src/main/AndroidManifest.xml:31:13-45
	android:name
		ADDED from src/main/AndroidManifest.xml:30:13-62
intent-filter#android.intent.action.MAIN+android.intent.category.LAUNCHER
ADDED from src/main/AndroidManifest.xml:32:13-36:29
action#android.intent.action.MAIN
ADDED from src/main/AndroidManifest.xml:33:17-69
	android:name
		ADDED from src/main/AndroidManifest.xml:33:25-66
category#android.intent.category.LAUNCHER
ADDED from src/main/AndroidManifest.xml:35:17-77
	android:name
		ADDED from src/main/AndroidManifest.xml:35:27-74
activity#com.example.addndemo2.ChartDisplayActivity
ADDED from src/main/AndroidManifest.xml:38:9-39:20
	android:name
		ADDED from src/main/AndroidManifest.xml:38:19-76
activity#com.example.addndemo2.HtmlShowActivity
ADDED from src/main/AndroidManifest.xml:40:9-41:20
	android:name
		ADDED from src/main/AndroidManifest.xml:40:19-72
activity#com.example.addndemo2.TestMyViewActivity
ADDED from src/main/AndroidManifest.xml:42:9-43:20
	android:name
		ADDED from src/main/AndroidManifest.xml:42:19-74